0 info it worked if it ends with ok
1 verbose cli [ 'C:\\Program Files\\nodejs\\\\node.exe',
1 verbose cli   'C:\\Program Files\\nodejs\\node_modules\\npm\\bin\\npm-cli.js',
1 verbose cli   'install',
1 verbose cli   'jzz-plugin' ]
2 info using npm@1.4.28
3 info using node@v0.10.38
4 verbose node symlink C:\Program Files\nodejs\\node.exe
5 warn package.json online-studio@0.0.1 No README data
6 warn package.json jazz-midi@1.5.0 No repository field.
7 verbose readDependencies using package.json deps
8 verbose cache add [ 'jzz-plugin', null ]
9 verbose cache add name=undefined spec="jzz-plugin" args=["jzz-plugin",null]
10 verbose parsed url { protocol: null,
10 verbose parsed url   slashes: null,
10 verbose parsed url   auth: null,
10 verbose parsed url   host: null,
10 verbose parsed url   port: null,
10 verbose parsed url   hostname: null,
10 verbose parsed url   hash: null,
10 verbose parsed url   search: null,
10 verbose parsed url   query: null,
10 verbose parsed url   pathname: 'jzz-plugin',
10 verbose parsed url   path: 'jzz-plugin',
10 verbose parsed url   href: 'jzz-plugin' }
11 silly lockFile 59ec9749-jzz-plugin jzz-plugin
12 verbose lock jzz-plugin C:\Users\hjc\AppData\Roaming\npm-cache\59ec9749-jzz-plugin.lock
13 silly lockFile 59ec9749-jzz-plugin jzz-plugin
14 silly lockFile 59ec9749-jzz-plugin jzz-plugin
15 verbose addNamed [ 'jzz-plugin', '' ]
16 verbose addNamed [ null, '*' ]
17 silly lockFile e91b7fbd-jzz-plugin jzz-plugin@
18 verbose lock jzz-plugin@ C:\Users\hjc\AppData\Roaming\npm-cache\e91b7fbd-jzz-plugin.lock
19 silly addNameRange { name: 'jzz-plugin', range: '*', hasData: false }
20 verbose request where is /jzz-plugin
21 verbose request registry https://registry.npmjs.org/
22 verbose request id 5fdf346a8f02939b
23 verbose url raw /jzz-plugin
24 verbose url resolving [ 'https://registry.npmjs.org/', './jzz-plugin' ]
25 verbose url resolved https://registry.npmjs.org/jzz-plugin
26 verbose request where is https://registry.npmjs.org/jzz-plugin
27 info trying registry request attempt 1 at 15:15:23
28 http GET https://registry.npmjs.org/jzz-plugin
29 http 404 https://registry.npmjs.org/jzz-plugin
30 silly registry.get cb [ 404,
30 silly registry.get   { 'content-type': 'application/json',
30 silly registry.get     'cache-control': 'max-age=0',
30 silly registry.get     'content-length': '2',
30 silly registry.get     'accept-ranges': 'bytes',
30 silly registry.get     date: 'Sun, 29 May 2016 07:15:29 GMT',
30 silly registry.get     via: '1.1 varnish',
30 silly registry.get     age: '0',
30 silly registry.get     connection: 'keep-alive',
30 silly registry.get     'x-served-by': 'cache-sin6923-SIN',
30 silly registry.get     'x-cache': 'MISS',
30 silly registry.get     'x-cache-hits': '0',
30 silly registry.get     'x-timer': 'S1464506129.064533,VS0,VE244',
30 silly registry.get     vary: 'Accept-Encoding' } ]
31 silly lockFile e91b7fbd-jzz-plugin jzz-plugin@
32 silly lockFile e91b7fbd-jzz-plugin jzz-plugin@
33 error 404 Not Found
33 error 404
33 error 404 'jzz-plugin' is not in the npm registry.
33 error 404 You should bug the author to publish it
33 error 404 It was specified as a dependency of 'online-studio'
33 error 404
33 error 404 Note that you can also install from a
33 error 404 tarball, folder, or http url, or git url.
34 error System Windows_NT 6.2.9200
35 error command "C:\\Program Files\\nodejs\\\\node.exe" "C:\\Program Files\\nodejs\\node_modules\\npm\\bin\\npm-cli.js" "install" "jzz-plugin"
36 error cwd C:\Users\hjc\Documents\GitHub\Online-Studio
37 error node -v v0.10.38
38 error npm -v 1.4.28
39 error code E404
40 verbose exit [ 1, true ]
